[2021-12-07 17:44:49,758]:INFO:Index route request
[2021-12-07 17:44:51,706]:INFO:Index route request
[2021-12-07 17:44:53,158]:INFO:Empty search route request
[2021-12-07 17:44:58,097]:INFO:Empty search route request
[2021-12-07 17:44:58,427]:INFO:Search by keyword "william" route request
[2021-12-07 17:45:01,123]:INFO:Search by keyword "william" route request
[2021-12-07 17:45:01,169]:INFO:User "Christian" added book "Macbeth" to basket
[2021-12-07 17:45:01,493]:INFO:Search by keyword "william" route request
[2021-12-07 17:45:02,878]:INFO:Add Book route request
[2021-12-07 17:45:02,878]:WARNING:User "Christian" tried to access the "Add Books" page without admin privilegies
[2021-12-07 17:45:03,203]:INFO:Index route request
[2021-12-07 17:45:05,831]:INFO:Basket route request
[2021-12-07 17:45:25,061]:INFO:Logout route request
[2021-12-07 17:45:25,062]:INFO:User "Christian" logged out
[2021-12-07 17:45:25,386]:INFO:Index route request
[2021-12-07 17:45:27,313]:INFO:Login route request
[2021-12-07 17:45:31,298]:INFO:Login route request
[2021-12-07 17:45:31,301]:INFO:User "Christian Constantin Pustianu" logged in successfully
[2021-12-07 17:45:31,623]:INFO:Index route request
[2021-12-07 17:45:39,393]:INFO:Index route request
[2021-12-07 17:45:43,461]:INFO:Index route request
[2021-12-07 17:45:43,725]:INFO:Category "Drama" route request
[2021-12-07 17:45:48,857]:INFO:Index route request
[2021-12-07 17:47:42,621]:INFO:Index route request
[2021-12-07 17:49:11,722]:INFO:Index route request
[2021-12-07 17:50:11,854]:INFO:Index route request
[2021-12-07 17:50:53,233]:INFO:Index route request
[2021-12-07 17:50:53,347]:INFO:Empty search route request
[2021-12-07 17:51:23,270]:INFO:Index route request
[2021-12-07 17:51:23,375]:INFO:Search by keyword "_empty" route request
[2021-12-07 17:51:34,517]:INFO:Index route request
[2021-12-07 17:51:43,432]:INFO:Index route request
[2021-12-07 17:51:43,538]:INFO:Search by keyword "anything" route request
[2021-12-07 17:54:15,865]:INFO:Index route request
[2021-12-07 17:54:15,990]:INFO:Search by keyword "dadlkfmaldfm" route request
[2021-12-07 17:54:16,018]:INFO:Search by keyword "anything" route request
[2021-12-07 17:55:23,568]:INFO:Index route request
[2021-12-07 17:55:26,531]:INFO:Index route request
[2021-12-07 17:55:26,799]:INFO:Category "Action and Adventure" route request
[2021-12-07 17:55:30,713]:INFO:Category "hello" route request
[2021-12-07 17:55:35,475]:INFO:Index route request
[2021-12-07 17:56:36,665]:INFO:Category "hello" route request
[2021-12-07 17:56:36,690]:INFO:Search by keyword "Drama" route request
[2021-12-07 17:56:36,772]:INFO:Index route request
[2021-12-07 17:56:36,868]:INFO:Search by keyword "dadlkfmaldfm" route request
[2021-12-07 17:56:36,895]:INFO:Search by keyword "anything" route request
[2021-12-07 18:01:39,195]:INFO:Category "hello" route request
[2021-12-07 18:01:39,221]:INFO:Search by keyword "Drama" route request
[2021-12-07 18:01:39,317]:INFO:Index route request
[2021-12-07 18:01:39,442]:INFO:Search by keyword "dadlkfmaldfm" route request
[2021-12-07 18:01:39,457]:INFO:Search by keyword "anything" route request
[2021-12-07 18:01:39,523]:INFO:Singup route request
[2021-12-07 18:01:52,808]:INFO:Category "hello" route request
[2021-12-07 18:01:52,831]:INFO:Search by keyword "Drama" route request
[2021-12-07 18:01:52,940]:INFO:Index route request
[2021-12-07 18:01:53,056]:INFO:Search by keyword "dadlkfmaldfm" route request
[2021-12-07 18:01:53,083]:INFO:Search by keyword "anything" route request
[2021-12-07 18:01:53,173]:INFO:Singup route request
[2021-12-07 19:01:41,831]:INFO:Index route request
[2021-12-07 19:01:43,649]:INFO:Logout route request
[2021-12-07 19:01:43,649]:INFO:User "Christian Constantin Pustianu" logged out
[2021-12-07 19:01:43,909]:INFO:Index route request
[2021-12-07 19:01:45,724]:INFO:Login route request
[2021-12-07 19:01:54,949]:INFO:Login route request
[2021-12-07 19:01:54,957]:WARNING:User failed to login
[2021-12-07 19:02:06,673]:INFO:Index route request
[2021-12-07 19:05:56,159]:INFO:Login route request
[2021-12-07 19:05:56,290]:INFO:Category "hello" route request
[2021-12-07 19:05:56,305]:INFO:Search by keyword "Drama" route request
[2021-12-07 19:05:56,423]:INFO:Index route request
[2021-12-07 19:05:56,553]:INFO:Search by keyword "dadlkfmaldfm" route request
[2021-12-07 19:05:56,562]:INFO:Search by keyword "anything" route request
[2021-12-07 19:05:56,652]:INFO:Singup route request
[2021-12-07 19:06:43,727]:INFO:Login route request
[2021-12-07 19:06:43,830]:INFO:Category "hello" route request
[2021-12-07 19:06:43,846]:INFO:Search by keyword "Drama" route request
[2021-12-07 19:06:43,938]:INFO:Index route request
[2021-12-07 19:06:44,024]:INFO:Search by keyword "dadlkfmaldfm" route request
[2021-12-07 19:06:44,034]:INFO:Search by keyword "anything" route request
[2021-12-07 19:06:44,097]:INFO:Singup route request
[2021-12-07 19:08:09,362]:INFO:Category "hello" route request
[2021-12-07 19:08:09,383]:INFO:Search by keyword "Drama" route request
[2021-12-07 19:08:09,476]:INFO:Index route request
[2021-12-07 19:08:09,556]:INFO:Search by keyword "dadlkfmaldfm" route request
[2021-12-07 19:08:09,568]:INFO:Search by keyword "anything" route request
[2021-12-07 19:08:09,638]:INFO:Singup route request
[2021-12-07 19:08:48,766]:INFO:Category "hello" route request
[2021-12-07 19:08:48,789]:INFO:Search by keyword "Drama" route request
[2021-12-07 19:08:48,879]:INFO:Index route request
[2021-12-07 19:08:48,981]:INFO:Search by keyword "dadlkfmaldfm" route request
[2021-12-07 19:08:48,990]:INFO:Search by keyword "anything" route request
[2021-12-07 19:08:49,056]:INFO:Singup route request
[2021-12-07 19:09:20,759]:INFO:Category "hello" route request
[2021-12-07 19:09:20,781]:INFO:Search by keyword "Drama" route request
[2021-12-07 19:09:20,895]:INFO:Index route request
[2021-12-07 19:09:21,002]:INFO:Search by keyword "dadlkfmaldfm" route request
[2021-12-07 19:09:21,011]:INFO:Search by keyword "anything" route request
[2021-12-07 19:09:21,097]:INFO:Singup route request
[2021-12-07 19:09:55,313]:INFO:Category "hello" route request
[2021-12-07 19:09:55,334]:INFO:Search by keyword "Drama" route request
[2021-12-07 19:09:55,427]:INFO:Index route request
[2021-12-07 19:09:55,525]:INFO:Search by keyword "dadlkfmaldfm" route request
[2021-12-07 19:09:55,534]:INFO:Search by keyword "anything" route request
[2021-12-07 19:09:55,602]:INFO:Singup route request
[2021-12-07 19:10:06,297]:INFO:Category "hello" route request
[2021-12-07 19:10:06,322]:INFO:Search by keyword "Drama" route request
[2021-12-07 19:10:06,441]:INFO:Index route request
[2021-12-07 19:10:06,548]:INFO:Search by keyword "dadlkfmaldfm" route request
[2021-12-07 19:10:06,559]:INFO:Search by keyword "anything" route request
[2021-12-07 19:10:06,644]:INFO:Singup route request
[2021-12-07 19:10:19,734]:INFO:Category "hello" route request
[2021-12-07 19:10:19,762]:INFO:Search by keyword "Drama" route request
[2021-12-07 19:10:19,857]:INFO:Index route request
[2021-12-07 19:10:19,955]:INFO:Search by keyword "dadlkfmaldfm" route request
[2021-12-07 19:10:19,965]:INFO:Search by keyword "anything" route request
[2021-12-07 19:10:20,037]:INFO:Singup route request
[2021-12-07 19:10:36,915]:INFO:Login route request
[2021-12-07 19:10:37,037]:INFO:Category "hello" route request
[2021-12-07 19:10:37,052]:INFO:Search by keyword "Drama" route request
[2021-12-07 19:10:37,163]:INFO:Index route request
[2021-12-07 19:10:37,256]:INFO:Search by keyword "dadlkfmaldfm" route request
[2021-12-07 19:10:37,266]:INFO:Search by keyword "anything" route request
[2021-12-07 19:10:37,349]:INFO:Singup route request
[2021-12-07 19:10:44,932]:INFO:Login route request
[2021-12-07 19:10:45,056]:INFO:Category "hello" route request
[2021-12-07 19:10:45,070]:INFO:Search by keyword "Drama" route request
[2021-12-07 19:10:45,186]:INFO:Index route request
[2021-12-07 19:10:45,283]:INFO:Search by keyword "dadlkfmaldfm" route request
[2021-12-07 19:10:45,293]:INFO:Search by keyword "anything" route request
[2021-12-07 19:10:45,378]:INFO:Singup route request
[2021-12-07 19:11:38,164]:INFO:Login route request
[2021-12-07 19:11:38,283]:INFO:Category "hello" route request
[2021-12-07 19:11:38,298]:INFO:Search by keyword "Drama" route request
[2021-12-07 19:11:38,394]:INFO:Index route request
[2021-12-07 19:11:38,489]:INFO:Search by keyword "dadlkfmaldfm" route request
[2021-12-07 19:11:38,498]:INFO:Search by keyword "anything" route request
[2021-12-07 19:11:38,583]:INFO:Singup route request
[2021-12-07 19:12:55,493]:INFO:Login route request
[2021-12-07 19:12:55,622]:INFO:Category "hello" route request
[2021-12-07 19:12:55,636]:INFO:Search by keyword "Drama" route request
[2021-12-07 19:12:55,745]:INFO:Login route request
[2021-12-07 19:12:55,835]:INFO:Index route request
[2021-12-07 19:12:55,933]:INFO:Search by keyword "dadlkfmaldfm" route request
[2021-12-07 19:12:55,943]:INFO:Search by keyword "anything" route request
[2021-12-07 19:12:56,026]:INFO:Singup route request
[2021-12-07 19:18:46,695]:INFO:Index route request
[2021-12-07 19:18:46,961]:INFO:Category "Action and Adventure" route request
[2021-12-07 19:20:35,778]:INFO:Login route request
[2021-12-07 19:20:35,906]:INFO:Category "hello" route request
[2021-12-07 19:20:35,920]:INFO:Search by keyword "Drama" route request
[2021-12-07 19:20:36,034]:INFO:Login route request
[2021-12-07 19:20:36,148]:INFO:Index route request
[2021-12-07 19:20:36,251]:INFO:Search by keyword "dadlkfmaldfm" route request
[2021-12-07 19:20:36,261]:INFO:Search by keyword "anything" route request
[2021-12-07 19:20:36,345]:INFO:Singup route request
[2021-12-07 19:21:43,654]:INFO:Login route request
[2021-12-07 19:21:43,780]:INFO:Category "hello" route request
[2021-12-07 19:21:43,796]:INFO:Search by keyword "Drama" route request
[2021-12-07 19:21:43,898]:INFO:Login route request
[2021-12-07 19:21:44,020]:INFO:Index route request
[2021-12-07 19:21:44,120]:INFO:Search by keyword "dadlkfmaldfm" route request
[2021-12-07 19:21:44,130]:INFO:Search by keyword "anything" route request
[2021-12-07 19:21:44,226]:INFO:Singup route request
[2021-12-07 19:23:36,695]:INFO:Login route request
[2021-12-07 19:23:36,818]:INFO:Category "hello" route request
[2021-12-07 19:23:36,834]:INFO:Search by keyword "Drama" route request
[2021-12-07 19:23:36,941]:INFO:Login route request
[2021-12-07 19:23:37,056]:INFO:Index route request
[2021-12-07 19:23:37,153]:INFO:Search by keyword "dadlkfmaldfm" route request
[2021-12-07 19:23:37,163]:INFO:Search by keyword "anything" route request
[2021-12-07 19:23:37,254]:INFO:Singup route request
[2021-12-07 19:23:57,195]:INFO:Login route request
[2021-12-07 19:23:57,323]:INFO:Category "hello" route request
[2021-12-07 19:23:57,337]:INFO:Search by keyword "Drama" route request
[2021-12-07 19:23:57,445]:INFO:Login route request
[2021-12-07 19:23:57,554]:INFO:Index route request
[2021-12-07 19:23:57,648]:INFO:Search by keyword "dadlkfmaldfm" route request
[2021-12-07 19:23:57,663]:INFO:Search by keyword "anything" route request
[2021-12-07 19:23:57,761]:INFO:Singup route request
[2021-12-07 19:24:22,816]:INFO:Login route request
[2021-12-07 19:24:22,934]:INFO:Category "hello" route request
[2021-12-07 19:24:22,950]:INFO:Search by keyword "Drama" route request
[2021-12-07 19:24:23,056]:INFO:Login route request
[2021-12-07 19:24:23,169]:INFO:Index route request
[2021-12-07 19:24:23,268]:INFO:Search by keyword "dadlkfmaldfm" route request
[2021-12-07 19:24:23,279]:INFO:Search by keyword "anything" route request
[2021-12-07 19:24:23,363]:INFO:Singup route request
[2021-12-07 19:24:53,363]:INFO:Login route request
[2021-12-07 19:24:53,483]:INFO:Category "hello" route request
[2021-12-07 19:24:53,497]:INFO:Search by keyword "Drama" route request
[2021-12-07 19:24:53,606]:INFO:Login route request
[2021-12-07 19:24:53,711]:INFO:Index route request
[2021-12-07 19:24:53,804]:INFO:Search by keyword "dadlkfmaldfm" route request
[2021-12-07 19:24:53,814]:INFO:Search by keyword "anything" route request
[2021-12-07 19:24:53,908]:INFO:Singup route request
[2021-12-07 19:24:59,176]:INFO:Login route request
[2021-12-07 19:24:59,303]:INFO:Category "hello" route request
[2021-12-07 19:24:59,318]:INFO:Search by keyword "Drama" route request
[2021-12-07 19:24:59,422]:INFO:Login route request
[2021-12-07 19:24:59,527]:INFO:Index route request
[2021-12-07 19:24:59,621]:INFO:Search by keyword "dadlkfmaldfm" route request
[2021-12-07 19:24:59,631]:INFO:Search by keyword "anything" route request
[2021-12-07 19:24:59,716]:INFO:Singup route request
[2021-12-07 19:26:00,644]:INFO:Login route request
[2021-12-07 19:26:04,897]:INFO:Login route request
[2021-12-07 19:26:04,904]:INFO:User "Christian Constantin Pustianu" logged in successfully
[2021-12-07 19:26:05,227]:INFO:Index route request
[2021-12-07 19:26:07,651]:INFO:Profile route request
[2021-12-07 19:26:08,532]:INFO:Password change route request
[2021-12-07 19:26:18,808]:INFO:Password change route request
[2021-12-07 19:26:18,844]:INFO:User "Christian Constantin Pustianu" changed their password successfully
[2021-12-07 19:26:19,162]:INFO:Profile route request
[2021-12-07 19:26:28,851]:INFO:Index route request
[2021-12-07 19:26:32,426]:INFO:Profile route request
[2021-12-07 19:26:44,394]:INFO:Index route request
[2021-12-07 19:29:01,930]:INFO:Login route request
[2021-12-07 19:29:02,055]:INFO:Category "hello" route request
[2021-12-07 19:29:02,070]:INFO:Search by keyword "Drama" route request
[2021-12-07 19:29:02,183]:INFO:Login route request
[2021-12-07 19:29:02,305]:INFO:Index route request
[2021-12-07 19:29:02,402]:INFO:Search by keyword "dadlkfmaldfm" route request
[2021-12-07 19:29:02,413]:INFO:Search by keyword "anything" route request
[2021-12-07 19:29:02,506]:INFO:Singup route request
[2021-12-07 19:29:18,441]:INFO:Login route request
[2021-12-07 19:29:18,569]:INFO:Category "hello" route request
[2021-12-07 19:29:18,585]:INFO:Search by keyword "Drama" route request
[2021-12-07 19:29:18,692]:INFO:Login route request
[2021-12-07 19:29:18,824]:INFO:Index route request
[2021-12-07 19:29:18,914]:INFO:Search by keyword "dadlkfmaldfm" route request
[2021-12-07 19:29:18,926]:INFO:Search by keyword "anything" route request
[2021-12-07 19:29:19,013]:INFO:Singup route request
[2021-12-07 19:30:49,523]:INFO:Login route request
[2021-12-07 19:30:49,645]:INFO:Category "hello" route request
[2021-12-07 19:30:49,661]:INFO:Search by keyword "Drama" route request
[2021-12-07 19:30:49,773]:INFO:Login route request
[2021-12-07 19:30:49,901]:INFO:Index route request
[2021-12-07 19:30:49,993]:INFO:Search by keyword "dadlkfmaldfm" route request
[2021-12-07 19:30:50,002]:INFO:Search by keyword "anything" route request
[2021-12-07 19:30:50,086]:INFO:Singup route request
[2021-12-07 19:32:39,749]:INFO:Login route request
[2021-12-07 19:32:39,882]:INFO:Category "hello" route request
[2021-12-07 19:32:39,899]:INFO:Search by keyword "Drama" route request
[2021-12-07 19:32:40,012]:INFO:Login route request
[2021-12-07 19:32:40,156]:INFO:Index route request
[2021-12-07 19:32:40,255]:INFO:Search by keyword "dadlkfmaldfm" route request
[2021-12-07 19:32:40,266]:INFO:Search by keyword "anything" route request
[2021-12-07 19:32:40,358]:INFO:Singup route request
[2021-12-07 19:33:07,345]:INFO:Login route request
[2021-12-07 19:33:07,474]:INFO:Category "hello" route request
[2021-12-07 19:33:07,490]:INFO:Search by keyword "Drama" route request
[2021-12-07 19:33:07,599]:INFO:Login route request
[2021-12-07 19:33:07,758]:INFO:Index route request
[2021-12-07 19:33:07,858]:INFO:Search by keyword "dadlkfmaldfm" route request
[2021-12-07 19:33:07,869]:INFO:Search by keyword "anything" route request
[2021-12-07 19:33:07,954]:INFO:Singup route request
[2021-12-07 19:35:36,266]:INFO:Login route request
[2021-12-07 19:35:36,392]:INFO:Category "hello" route request
[2021-12-07 19:35:36,407]:INFO:Search by keyword "Drama" route request
[2021-12-07 19:35:36,514]:INFO:Login route request
[2021-12-07 19:35:36,674]:INFO:Index route request
[2021-12-07 19:35:36,776]:INFO:Search by keyword "dadlkfmaldfm" route request
[2021-12-07 19:35:36,785]:INFO:Search by keyword "anything" route request
[2021-12-07 19:35:36,875]:INFO:Singup route request
[2021-12-07 19:36:21,129]:INFO:Login route request
[2021-12-07 19:36:21,253]:INFO:Category "hello" route request
[2021-12-07 19:36:21,270]:INFO:Search by keyword "Drama" route request
[2021-12-07 19:36:21,377]:INFO:Login route request
[2021-12-07 19:36:21,530]:INFO:Index route request
[2021-12-07 19:36:21,631]:INFO:Search by keyword "dadlkfmaldfm" route request
[2021-12-07 19:36:21,646]:INFO:Search by keyword "anything" route request
[2021-12-07 19:36:21,746]:INFO:Singup route request
[2021-12-07 19:38:47,120]:INFO:Index route request
[2021-12-07 19:39:00,720]:INFO:Index route request
[2021-12-07 19:39:00,987]:INFO:Category "Action and Adventure" route request
[2021-12-07 19:39:03,928]:INFO:Index route request
[2021-12-07 19:39:07,637]:INFO:Index route request
[2021-12-07 19:39:07,963]:INFO:Category "Drama" route request
[2021-12-07 19:39:12,496]:INFO:Index route request
[2021-12-07 19:39:15,292]:INFO:Empty search route request
[2021-12-07 19:39:18,373]:INFO:Empty search route request
[2021-12-07 19:39:18,690]:INFO:Search by keyword "a" route request
[2021-12-07 19:41:29,721]:INFO:Category "hello" route request
[2021-12-07 19:41:29,742]:INFO:Search by keyword "Drama" route request
[2021-12-07 19:41:29,851]:INFO:Login route request
[2021-12-07 19:41:29,954]:INFO:Index route request
[2021-12-07 19:41:30,051]:INFO:Login route request
[2021-12-07 19:41:30,210]:INFO:Search by keyword "dadlkfmaldfm" route request
[2021-12-07 19:41:30,221]:INFO:Search by keyword "anything" route request
[2021-12-07 19:41:30,318]:INFO:Singup route request
[2021-12-07 19:41:35,460]:INFO:Category "hello" route request
[2021-12-07 19:41:35,481]:INFO:Search by keyword "Drama" route request
[2021-12-07 19:41:35,603]:INFO:Login route request
[2021-12-07 19:41:35,730]:INFO:Index route request
[2021-12-07 19:41:35,825]:INFO:Login route request
[2021-12-07 19:41:35,987]:INFO:Search by keyword "dadlkfmaldfm" route request
[2021-12-07 19:41:36,003]:INFO:Search by keyword "anything" route request
[2021-12-07 19:41:36,101]:INFO:Singup route request
[2021-12-07 19:41:43,859]:INFO:Category "hello" route request
[2021-12-07 19:41:43,881]:INFO:Search by keyword "Drama" route request
[2021-12-07 19:41:43,995]:INFO:Login route request
[2021-12-07 19:41:44,099]:INFO:Index route request
[2021-12-07 19:41:44,193]:INFO:Login route request
[2021-12-07 19:41:44,365]:INFO:Search by keyword "dadlkfmaldfm" route request
[2021-12-07 19:41:44,376]:INFO:Search by keyword "anything" route request
[2021-12-07 19:41:44,454]:INFO:Singup route request
[2021-12-07 19:41:55,741]:INFO:Category "hello" route request
[2021-12-07 19:41:55,762]:INFO:Search by keyword "Drama" route request
[2021-12-07 19:41:55,871]:INFO:Login route request
[2021-12-07 19:41:55,980]:INFO:Index route request
[2021-12-07 19:41:56,074]:INFO:Login route request
[2021-12-07 19:41:56,233]:INFO:Search by keyword "dadlkfmaldfm" route request
[2021-12-07 19:41:56,243]:INFO:Search by keyword "anything" route request
[2021-12-07 19:41:56,330]:INFO:Singup route request
[2021-12-07 19:42:23,774]:INFO:Category "hello" route request
[2021-12-07 19:42:23,802]:INFO:Search by keyword "Drama" route request
[2021-12-07 19:42:23,923]:INFO:Login route request
[2021-12-07 19:42:24,029]:INFO:Index route request
[2021-12-07 19:42:24,120]:INFO:Login route request
[2021-12-07 19:42:24,296]:INFO:Search by keyword "dadlkfmaldfm" route request
[2021-12-07 19:42:24,310]:INFO:Search by keyword "anything" route request
[2021-12-07 19:42:24,401]:INFO:Singup route request
[2021-12-07 19:42:41,215]:INFO:Category "hello" route request
[2021-12-07 19:42:41,238]:INFO:Search by keyword "Drama" route request
[2021-12-07 19:42:41,348]:INFO:Login route request
[2021-12-07 19:42:41,461]:INFO:Index route request
[2021-12-07 19:42:41,560]:INFO:Login route request
[2021-12-07 19:42:41,726]:INFO:Search by keyword "dadlkfmaldfm" route request
[2021-12-07 19:42:41,739]:INFO:Search by keyword "anything" route request
[2021-12-07 19:42:41,824]:INFO:Singup route request
[2021-12-07 19:43:11,971]:INFO:Category "hello" route request
[2021-12-07 19:43:11,993]:INFO:Search by keyword "Drama" route request
[2021-12-07 19:43:12,105]:INFO:Login route request
[2021-12-07 19:43:12,213]:INFO:Index route request
[2021-12-07 19:43:12,312]:INFO:Login route request
[2021-12-07 19:43:12,484]:INFO:Search by keyword "dadlkfmaldfm" route request
[2021-12-07 19:43:12,497]:INFO:Search by keyword "anything" route request
[2021-12-07 19:43:12,591]:INFO:Singup route request
